<?xml version="1.0" encoding="UTF-8"?>
<!-- Generated by org.testng.reporters.JUnitXMLReporter -->
<testsuite hostname="MAY39" ignored="2" name="Test" tests="5" failures="1" timestamp="2020-09-11T13:10:52 GMT+07:00" time="56.956" errors="0">
  <testcase name="invaildPassword" time="4.509" classname="com.qa.test.LoginTest"/>
  <testcase name="invaildUser" time="3.288" classname="com.qa.test.LoginTest"/>
  <testcase name="successLogin" time="4.754" classname="com.qa.test.LoginTest"/>
  <testcase name="validateProductOnProductDetailPage" time="8.129" classname="com.qa.test.ProductTest"/>
  <testcase name="validateProductOnProductPage" time="1.728" classname="com.qa.test.ProductTest">
    <failure type="java.lang.AssertionError" message="The following asserts failed:
	expected [Sauce Labs Backpack] but found [Sauce Labs Backpack1234]">
      <![CDATA[java.lang.AssertionError: The following asserts failed:
expected [Sauce Labs Backpack] but found [Sauce Labs Backpack1234]
at com.qa.test.ProductTest.validateProductOnProductPage(ProductTest.java:79)
at java.util.ArrayList.forEach(Unknown Source)
... Removed 29 stack frames]]>
    </failure>
  </testcase> <!-- validateProductOnProductPage -->
  <testcase name="@AfterTest afterTest" time="0.0" classname="com.qa.BaseTest">
    <ignored/>
  </testcase> <!-- @AfterTest afterTest -->
  <testcase name="@BeforeTest beforeTest" time="0.0" classname="com.qa.BaseTest">
    <ignored/>
  </testcase> <!-- @BeforeTest beforeTest -->
</testsuite> <!-- Test -->
